<?xml version="1.0" encoding="UTF-8"?>
<testsuite xmlns:xsi="http://www.w3.org/2001/XMLSchema-instance" xsi:noNamespaceSchemaLocation="https://maven.apache.org/surefire/maven-surefire-plugin/xsd/surefire-test-report-3.0.xsd" version="3.0" name="com.scaler.productservice.ProductServiceApplicationTests" time="11.086" tests="1" errors="0" skipped="0" failures="0">
  <properties>
[...]
</properties>
  <testcase name="contextLoads" classname="com.scaler.productservice.ProductServiceApplicationTests" time="4.075">
    <system-out><![CDATA[03:29:53.204 [main] INFO org.springframework.test.context.support.AnnotationConfigContextLoaderUtils -- Could not detect default configuration classes for test class [com.scaler.productservice.ProductServiceApplicationTests]: ProductServiceApplicationTests does not declare any static, non-private, non-final, nested classes annotated with @Configuration.
03:29:53.492 [main] INFO org.springframework.boot.test.context.SpringBootTestContextBootstrapper -- Found @SpringBootConfiguration com.scaler.productservice.ProductServiceApplication for test class com.scaler.productservice.ProductServiceApplicationTests
03:29:54.075 [main] INFO org.springframework.boot.devtools.restart.RestartApplicationListener -- Restart disabled due to context in which it is running

  .   ____          _            __ _ _
 /\\ / ___'_ __ _ _(_)_ __  __ _ \ \ \ \
( ( )\___ | '_ | '_| | '_ \/ _` | \ \ \ \
 \\/  ___)| |_)| | | | | || (_| |  ) ) ) )
  '  |____| .__|_| |_|_| |_\__, | / / / /
 =========|_|==============|___/=/_/_/_/

 :: Spring Boot ::                (v3.3.1)

2024-07-17T03:29:54.705+05:30  INFO 10136 --- [ProductService] [           main] c.s.p.ProductServiceApplicationTests     : Starting ProductServiceApplicationTests using Java 17.0.11 with PID 10136 (started by tarun in C:\Users\tarun\IdeaProjects\ScalerProjects\ProductService)
2024-07-17T03:29:54.708+05:30  INFO 10136 --- [ProductService] [           main] c.s.p.ProductServiceApplicationTests     : No active profile set, falling back to 1 default profile: "default"
2024-07-17T03:29:59.433+05:30  INFO 10136 --- [ProductService] [           main] c.s.p.ProductServiceApplicationTests     : Started ProductServiceApplicationTests in 5.404 seconds (process running for 9.171)
]]></system-out>
  </testcase>
</testsuite>